INFO: 2025-07-22 13:37:54,478: main() 'Using profile folder /home/ilan/.config/variety/'
INFO: 2025-07-22 13:37:54,482: perform_upgrade() 'Last run version was 0.8.13 or earlier, current version is 0.8.13'
INFO: 2025-07-22 13:37:54,488: process_command() 'Received command: ['-n']'
INFO: 2025-07-22 13:37:54,491: start() 'Using data_path /usr/share/variety'
INFO: 2025-07-22 13:37:54,491: load() 'Jumble loading'
INFO: 2025-07-22 13:37:54,491: _walk_modules() 'Jumble loading module in __init__ from /usr/lib/python3.13/site-packages/variety/plugins/builtin/__init__.py'
INFO: 2025-07-22 13:37:54,492: _walk_modules() 'Jumble loading module in LegacyDisplayModesPlugin from /usr/lib/python3.13/site-packages/variety/plugins/builtin/display_modes/LegacyDisplayModesPlugin.py'
INFO: 2025-07-22 13:37:54,493: load() 'Jumble found plugin class: <class 'LegacyDisplayModesPlugin.LegacyDisplayModesPlugin'>: {'name': 'LegacyDisplayModesPlugin', 'description': 'Legacy display mode for compatibility with past Variety versions', 'version': '1.0', 'author': 'Peter Levi'}'
INFO: 2025-07-22 13:37:54,493: _walk_modules() 'Jumble loading module in ResizingDisplayModesPlugin from /usr/lib/python3.13/site-packages/variety/plugins/builtin/display_modes/ResizingDisplayModesPlugin.py'
INFO: 2025-07-22 13:37:54,497: load() 'Jumble found plugin class: <class 'ResizingDisplayModesPlugin.ResizingDisplayModesPlugin'>: {'name': 'ResizingDisplayModesPlugin', 'description': 'Display modes that use image resizing within Variety', 'version': '1.0', 'author': 'Peter Levi'}'
INFO: 2025-07-22 13:37:54,497: _walk_modules() 'Jumble loading module in GnomeDisplayModesPlugin from /usr/lib/python3.13/site-packages/variety/plugins/builtin/display_modes/GnomeDisplayModesPlugin.py'
INFO: 2025-07-22 13:37:54,499: load() 'Jumble found plugin class: <class 'GnomeDisplayModesPlugin.GnomeDisplayModesPlugin'>: {'name': 'GnomeDisplayModesPlugin', 'description': 'Display modes relying on the underlying desktop environment', 'version': '1.0', 'author': 'Peter Levi'}'
INFO: 2025-07-22 13:37:54,500: _walk_modules() 'Jumble loading module in __init__ from /usr/lib/python3.13/site-packages/variety/plugins/builtin/display_modes/__init__.py'
INFO: 2025-07-22 13:37:54,502: _walk_modules() 'Jumble loading module in UnsplashConfigurableSource from /usr/lib/python3.13/site-packages/variety/plugins/builtin/downloaders/UnsplashConfigurableSource.py'
INFO: 2025-07-22 13:37:54,510: load() 'Jumble found plugin class: <class 'UnsplashConfigurableSource.UnsplashConfigurableSource'>: {'name': 'UnsplashConfigurableSource', 'description': 'Configurable source for fetching photos from Unsplash.com', 'author': 'Peter Levi', 'version': '0.1'}'
INFO: 2025-07-22 13:37:54,510: _walk_modules() 'Jumble loading module in WallhavenDownloader from /usr/lib/python3.13/site-packages/variety/plugins/builtin/downloaders/WallhavenDownloader.py'
INFO: 2025-07-22 13:37:54,512: _walk_modules() 'Jumble loading module in MediaRSSSource from /usr/lib/python3.13/site-packages/variety/plugins/builtin/downloaders/MediaRSSSource.py'
INFO: 2025-07-22 13:37:54,514: load() 'Jumble found plugin class: <class 'MediaRSSSource.MediaRSSSource'>: {'name': 'MediaRSSSource', 'description': 'Configurable source for fetching images from MediaRSS feeds', 'author': 'Peter Levi', 'version': '0.1'}'
INFO: 2025-07-22 13:37:54,514: _walk_modules() 'Jumble loading module in APODDownloader from /usr/lib/python3.13/site-packages/variety/plugins/builtin/downloaders/APODDownloader.py'
INFO: 2025-07-22 13:37:54,515: load() 'Jumble found plugin class: <class 'APODDownloader.APODDownloader'>: {'name': 'APODDownloader', 'description': 'NASA Astro Pic of the Day', 'author': 'Peter Levi', 'version': '0.1'}'
INFO: 2025-07-22 13:37:54,515: _walk_modules() 'Jumble loading module in NationalGeographicDownloader from /usr/lib/python3.13/site-packages/variety/plugins/builtin/downloaders/NationalGeographicDownloader.py'
INFO: 2025-07-22 13:37:54,515: load() 'Jumble found plugin class: <class 'NationalGeographicDownloader.NationalGeographicDownloader'>: {'name': 'NationalGeographicDownloader', 'description': "National Geographic's photo of the day", 'author': 'Eric Rösch', 'version': '0.1'}'
INFO: 2025-07-22 13:37:54,516: _walk_modules() 'Jumble loading module in BingDownloader from /usr/lib/python3.13/site-packages/variety/plugins/builtin/downloaders/BingDownloader.py'
INFO: 2025-07-22 13:37:54,516: load() 'Jumble found plugin class: <class 'BingDownloader.BingDownloader'>: {'name': 'BingDownloader', 'description': 'Bing Photo of the Day', 'author': 'Peter Levi', 'version': '0.1'}'
INFO: 2025-07-22 13:37:54,517: _walk_modules() 'Jumble loading module in UnsplashDownloader from /usr/lib/python3.13/site-packages/variety/plugins/builtin/downloaders/UnsplashDownloader.py'
INFO: 2025-07-22 13:37:54,517: load() 'Jumble found plugin class: <class 'UnsplashDownloader.UnsplashDownloader'>: {'name': 'UnsplashDownloader', 'description': 'High-resolution photos from Unsplash.com', 'author': 'Peter Levi', 'version': '0.1'}'
INFO: 2025-07-22 13:37:54,517: _walk_modules() 'Jumble loading module in EarthviewDownloader from /usr/lib/python3.13/site-packages/variety/plugins/builtin/downloaders/EarthviewDownloader.py'
INFO: 2025-07-22 13:37:54,518: load() 'Jumble found plugin class: <class 'EarthviewDownloader.EarthviewDownloader'>: {'name': 'EarthviewDownloader', 'description': 'Google Earth View Wallpapers', 'author': 'Peter Levi', 'version': '0.1'}'
INFO: 2025-07-22 13:37:54,518: _walk_modules() 'Jumble loading module in RedditDownloader from /usr/lib/python3.13/site-packages/variety/plugins/builtin/downloaders/RedditDownloader.py'
INFO: 2025-07-22 13:37:54,519: _walk_modules() 'Jumble loading module in ArtStationDownloader from /usr/lib/python3.13/site-packages/variety/plugins/builtin/downloaders/ArtStationDownloader.py'
INFO: 2025-07-22 13:37:54,519: _walk_modules() 'Jumble loading module in ArtStationSource from /usr/lib/python3.13/site-packages/variety/plugins/builtin/downloaders/ArtStationSource.py'
INFO: 2025-07-22 13:37:54,520: load() 'Jumble found plugin class: <class 'ArtStationSource.ArtStationSource'>: {'name': 'ArtStationSource', 'description': 'Configurable source for fetching images from ArtStation', 'author': 'Denis Gordeev', 'version': '0.1'}'
INFO: 2025-07-22 13:37:54,520: _walk_modules() 'Jumble loading module in WallhavenSource from /usr/lib/python3.13/site-packages/variety/plugins/builtin/downloaders/WallhavenSource.py'
INFO: 2025-07-22 13:37:54,522: load() 'Jumble found plugin class: <class 'WallhavenSource.WallhavenSource'>: {'name': 'WallhavenSource', 'description': 'Configurable source for fetching images from Wallhaven.cc', 'author': 'Peter Levi', 'version': '0.1'}'
INFO: 2025-07-22 13:37:54,522: _walk_modules() 'Jumble loading module in MediaRSSDownloader from /usr/lib/python3.13/site-packages/variety/plugins/builtin/downloaders/MediaRSSDownloader.py'
INFO: 2025-07-22 13:37:54,522: _walk_modules() 'Jumble loading module in __init__ from /usr/lib/python3.13/site-packages/variety/plugins/builtin/downloaders/__init__.py'
INFO: 2025-07-22 13:37:54,523: _walk_modules() 'Jumble loading module in WallhavenLegacyDownloader from /usr/lib/python3.13/site-packages/variety/plugins/builtin/downloaders/WallhavenLegacyDownloader.py'
INFO: 2025-07-22 13:37:54,523: _walk_modules() 'Jumble loading module in RedditSource from /usr/lib/python3.13/site-packages/variety/plugins/builtin/downloaders/RedditSource.py'
INFO: 2025-07-22 13:37:54,524: load() 'Jumble found plugin class: <class 'RedditSource.RedditSource'>: {'name': 'RedditSource', 'description': 'Configurable source for fetching images from Reddit', 'author': 'Peter Levi', 'version': '0.1'}'
INFO: 2025-07-22 13:37:54,525: _walk_modules() 'Jumble loading module in GoodreadsSource from /usr/lib/python3.13/site-packages/variety/plugins/builtin/quotes/GoodreadsSource.py'
INFO: 2025-07-22 13:37:54,575: load() 'Jumble found plugin class: <class 'GoodreadsSource.GoodreadsSource'>: {'name': 'Goodreads', 'description': 'Fetches quotes from Goodreads.com', 'author': 'Peter Levi', 'version': '0.1'}'
INFO: 2025-07-22 13:37:54,575: _walk_modules() 'Jumble loading module in QuotationsPageSource from /usr/lib/python3.13/site-packages/variety/plugins/builtin/quotes/QuotationsPageSource.py'
INFO: 2025-07-22 13:37:54,575: load() 'Jumble found plugin class: <class 'QuotationsPageSource.QuotationsPageSource'>: {'name': 'TheQuotationsPage.com', 'description': 'Fetches quotes from TheQuotationsPage.com', 'author': 'Peter Levi', 'version': '0.1'}'
INFO: 2025-07-22 13:37:54,576: _walk_modules() 'Jumble loading module in UrbanDictionarySource from /usr/lib/python3.13/site-packages/variety/plugins/builtin/quotes/UrbanDictionarySource.py'
INFO: 2025-07-22 13:37:54,576: load() 'Jumble found plugin class: <class 'UrbanDictionarySource.UrbanDictionarySource'>: {'name': 'Urban Dictionary', 'description': 'Displays definitions from Urban Dictionary', 'author': 'James Miller', 'version': '0.1'}'
INFO: 2025-07-22 13:37:54,576: _walk_modules() 'Jumble loading module in FortuneSource from /usr/lib/python3.13/site-packages/variety/plugins/builtin/quotes/FortuneSource.py'
INFO: 2025-07-22 13:37:54,577: load() 'Jumble found plugin class: <class 'FortuneSource.FortuneSource'>: {'name': 'UNIX fortune program', 'description': 'Displays quotes using the UNIX fortune program. You may want to install additional fortune packs, e.g. fortunes-bofh-excuses.', 'author': 'Dan Jones', 'version': '0.1'}'
INFO: 2025-07-22 13:37:54,577: _walk_modules() 'Jumble loading module in LocalFilesSource from /usr/lib/python3.13/site-packages/variety/plugins/builtin/quotes/LocalFilesSource.py'
INFO: 2025-07-22 13:37:54,578: load() 'Jumble found plugin class: <class 'LocalFilesSource.LocalFilesSource'>: {'name': 'Local text files', 'description': 'Displays quotes, defined in local text files.\nPut your own txt files in: ~/.config/variety/pluginconfig/quotes/.\nThe file format is:\n\nquote -- author\n.\nsecond quote -- another author\n.\netc...\n\nExample: http://rvelthuis.de/zips/quotes.txt', 'author': 'Peter Levi', 'version': '0.1'}'
INFO: 2025-07-22 13:37:54,578: _walk_modules() 'Jumble loading module in __init__ from /usr/lib/python3.13/site-packages/variety/plugins/builtin/quotes/__init__.py'
INFO: 2025-07-22 13:37:54,591: reload_config() 'Creating new downloader for type wallhaven, location https://wallhaven.cc/tag/37'
INFO: 2025-07-22 13:37:54,591: reload_config() 'Creating new downloader for type wallhaven, location https://wallhaven.cc/tag/711'
INFO: 2025-07-22 13:37:54,591: reload_config() 'Creating new downloader for type wallhaven, location https://wallhaven.cc/tag/328'
INFO: 2025-07-22 13:37:54,593: log_options() 'Loaded options:'
INFO: 2025-07-22 13:37:54,593: log_options() 'change_enabled = True'
INFO: 2025-07-22 13:37:54,593: log_options() 'change_interval = 3600'
INFO: 2025-07-22 13:37:54,593: log_options() 'change_on_start = True'
INFO: 2025-07-22 13:37:54,593: log_options() 'clipboard_enabled = False'
INFO: 2025-07-22 13:37:54,593: log_options() 'clipboard_hosts = ['wallhaven.cc', 'wallpapers.net', 'flickr.com', 'imgur.com', 'deviantart.com', 'interfacelift.com', 'vladstudio.com', 'imageshack.us', 'deviantart.net', 'imageshack.com']'
INFO: 2025-07-22 13:37:54,593: log_options() 'clipboard_use_whitelist = True'
INFO: 2025-07-22 13:37:54,593: log_options() 'clock_date_font = Serif 30'
INFO: 2025-07-22 13:37:54,593: log_options() 'clock_enabled = False'
INFO: 2025-07-22 13:37:54,593: log_options() 'clock_filter = -density 100 -font `fc-match -f '%{file[0]}' '%CLOCK_FONT_NAME'` -pointsize %CLOCK_FONT_SIZE -gravity SouthEast -fill '#00000044' -annotate 0x0+[%HOFFSET+58]+[%VOFFSET+108] '%H:%M' -fill white -annotate 0x0+[%HOFFSET+60]+[%VOFFSET+110] '%H:%M' -font `fc-match -f '%{file[0]}' '%DATE_FONT_NAME'` -pointsize %DATE_FONT_SIZE -fill '#00000044' -annotate 0x0+[%HOFFSET+58]+[%VOFFSET+58] '%A, %B %d' -fill white -annotate 0x0+[%HOFFSET+60]+[%VOFFSET+60] '%A, %B %d''
INFO: 2025-07-22 13:37:54,593: log_options() 'clock_font = Serif 70'
INFO: 2025-07-22 13:37:54,593: log_options() 'configfile = /home/ilan/.config/variety/variety.conf'
INFO: 2025-07-22 13:37:54,593: log_options() 'copyto_enabled = False'
INFO: 2025-07-22 13:37:54,593: log_options() 'copyto_folder = Default'
INFO: 2025-07-22 13:37:54,593: log_options() 'desired_color = [160, 160, 160]'
INFO: 2025-07-22 13:37:54,593: log_options() 'desired_color_enabled = False'
INFO: 2025-07-22 13:37:54,593: log_options() 'download_folder = /home/ilan/.config/variety/Downloaded'
INFO: 2025-07-22 13:37:54,593: log_options() 'download_preference_ratio = 0.9'
INFO: 2025-07-22 13:37:54,593: log_options() 'favorites_folder = /home/ilan/.config/variety/Favorites'
INFO: 2025-07-22 13:37:54,593: log_options() 'favorites_operations = [['Downloaded', 'Copy'], ['Fetched', 'Move'], ['Others', 'Copy']]'
INFO: 2025-07-22 13:37:54,593: log_options() 'fetched_folder = /home/ilan/.config/variety/Fetched'
INFO: 2025-07-22 13:37:54,593: log_options() 'filters = [[False, 'Keep original', ''], [False, 'Grayscale', '-type Grayscale'], [False, 'Heavy blur', '-scale 20% -blur 0x10 -resize 500%'], [False, 'Soft blur', '-scale 20% -blur 0x2 -resize 500%'], [False, 'Oil painting', '-paint 8'], [False, 'Pointilism', '-spread 10 -noise 3'], [False, 'Pixellate', '-scale 3% -scale 3333%']]'
INFO: 2025-07-22 13:37:54,594: log_options() 'get_wallpaper_script = /home/ilan/.config/variety/scripts/get_wallpaper_arco'
INFO: 2025-07-22 13:37:54,594: log_options() 'icon = Dark'
INFO: 2025-07-22 13:37:54,594: log_options() 'internet_enabled = True'
INFO: 2025-07-22 13:37:54,594: log_options() 'lightness_enabled = False'
INFO: 2025-07-22 13:37:54,594: log_options() 'lightness_mode = 0'
INFO: 2025-07-22 13:37:54,594: log_options() 'min_rating = 4'
INFO: 2025-07-22 13:37:54,594: log_options() 'min_rating_enabled = False'
INFO: 2025-07-22 13:37:54,594: log_options() 'min_size = 80'
INFO: 2025-07-22 13:37:54,594: log_options() 'min_size_enabled = True'
INFO: 2025-07-22 13:37:54,594: log_options() 'name_regex = .*'
INFO: 2025-07-22 13:37:54,594: log_options() 'name_regex_enabled = False'
INFO: 2025-07-22 13:37:54,594: log_options() 'quota_enabled = True'
INFO: 2025-07-22 13:37:54,594: log_options() 'quota_size = 1000'
INFO: 2025-07-22 13:37:54,594: log_options() 'quotes_authors = '
INFO: 2025-07-22 13:37:54,594: log_options() 'quotes_bg_color = [80, 80, 80]'
INFO: 2025-07-22 13:37:54,594: log_options() 'quotes_bg_opacity = 55'
INFO: 2025-07-22 13:37:54,594: log_options() 'quotes_change_enabled = False'
INFO: 2025-07-22 13:37:54,594: log_options() 'quotes_change_interval = 300'
INFO: 2025-07-22 13:37:54,594: log_options() 'quotes_disabled_sources = ['Urban Dictionary']'
INFO: 2025-07-22 13:37:54,594: log_options() 'quotes_enabled = False'
INFO: 2025-07-22 13:37:54,594: log_options() 'quotes_favorites_file = /home/ilan/.config/variety/favorite_quotes.txt'
INFO: 2025-07-22 13:37:54,594: log_options() 'quotes_font = Serif 30'
INFO: 2025-07-22 13:37:54,594: log_options() 'quotes_hpos = 100'
INFO: 2025-07-22 13:37:54,594: log_options() 'quotes_max_length = 250'
INFO: 2025-07-22 13:37:54,594: log_options() 'quotes_tags = '
INFO: 2025-07-22 13:37:54,594: log_options() 'quotes_text_color = [255, 255, 255]'
INFO: 2025-07-22 13:37:54,594: log_options() 'quotes_text_shadow = False'
INFO: 2025-07-22 13:37:54,594: log_options() 'quotes_vpos = 40'
INFO: 2025-07-22 13:37:54,594: log_options() 'quotes_width = 70'
INFO: 2025-07-22 13:37:54,594: log_options() 'safe_mode = False'
INFO: 2025-07-22 13:37:54,594: log_options() 'set_wallpaper_script = /home/ilan/.config/variety/scripts/set_wallpaper_arco'
INFO: 2025-07-22 13:37:54,594: log_options() 'slideshow_custom_enabled = False'
INFO: 2025-07-22 13:37:54,594: log_options() 'slideshow_custom_folder = /home/ilan/Pictures'
INFO: 2025-07-22 13:37:54,594: log_options() 'slideshow_downloads_enabled = False'
INFO: 2025-07-22 13:37:54,594: log_options() 'slideshow_fade = 0.4'
INFO: 2025-07-22 13:37:54,594: log_options() 'slideshow_favorites_enabled = True'
INFO: 2025-07-22 13:37:54,595: log_options() 'slideshow_mode = Fullscreen'
INFO: 2025-07-22 13:37:54,595: log_options() 'slideshow_monitor = All'
INFO: 2025-07-22 13:37:54,595: log_options() 'slideshow_pan = 0.05'
INFO: 2025-07-22 13:37:54,595: log_options() 'slideshow_seconds = 6.0'
INFO: 2025-07-22 13:37:54,595: log_options() 'slideshow_sort_order = Random'
INFO: 2025-07-22 13:37:54,595: log_options() 'slideshow_sources_enabled = True'
INFO: 2025-07-22 13:37:54,595: log_options() 'slideshow_zoom = 0.2'
INFO: 2025-07-22 13:37:54,595: log_options() 'smart_enabled = False'
INFO: 2025-07-22 13:37:54,595: log_options() 'smart_notice_shown = False'
INFO: 2025-07-22 13:37:54,595: log_options() 'smart_register_shown = False'
INFO: 2025-07-22 13:37:54,595: log_options() 'sources = [[True, 'favorites', 'The Favorites folder'], [False, 'fetched', 'The Fetched folder'], [True, 'folder', '/usr/share/backgrounds'], [False, 'flickr', 'user:www.flickr.com/photos/peter-levi/;user_id:93647178@N00;'], [False, 'apod', "NASA's Astronomy Picture of the Day"], [False, 'bing', 'Bing Photo of the Day'], [False, 'earthview', 'Google Earth View Wallpapers'], [False, 'natgeo', "National Geographic's photo of the day"], [False, 'unsplash', 'High-resolution photos from Unsplash.com'], [True, 'wallhaven', 'https://wallhaven.cc/tag/37'], [True, 'wallhaven', 'https://wallhaven.cc/tag/711'], [True, 'wallhaven', 'https://wallhaven.cc/tag/328']]'
INFO: 2025-07-22 13:37:54,595: log_options() 'stats_enabled = True'
INFO: 2025-07-22 13:37:54,595: log_options() 'stats_notice_shown = False'
INFO: 2025-07-22 13:37:54,595: log_options() 'sync_enabled = True'
INFO: 2025-07-22 13:37:54,595: log_options() 'use_landscape_enabled = True'
INFO: 2025-07-22 13:37:54,595: log_options() 'wallhaven_api_key = '
INFO: 2025-07-22 13:37:54,595: log_options() 'wallpaper_auto_rotate = True'
INFO: 2025-07-22 13:37:54,595: log_options() 'wallpaper_display_mode = os'
INFO: 2025-07-22 13:37:54,595: reload_config() 'No need to clear prepared queue'
INFO: 2025-07-22 13:37:54,595: update_indicator() 'Setting file info to: /home/ilan/.config/variety/Downloaded/wallhaven_wallhaven_cc_tag_328/wallhaven-vpm863.jpg'
INFO: 2025-07-22 13:37:54,598: load_last_change_time() 'Change interval < 6 hours, ignore persisted last_change_time, wait initially the whole interval: 3600'
INFO: 2025-07-22 13:37:54,598: update_indicator() 'Setting file info to: /home/ilan/.config/variety/Downloaded/wallhaven_wallhaven_cc_tag_328/wallhaven-vpm863.jpg'
INFO: 2025-07-22 13:37:54,598: regular_change_thread() 'regular_change thread running'
INFO: 2025-07-22 13:37:54,599: prepare_thread() 'Prepare thread running'
INFO: 2025-07-22 13:37:54,599: prepare_thread() 'Prepared buffer contains 0 images'
INFO: 2025-07-22 13:37:54,599: prepare_thread() 'Preparing some images'
INFO: 2025-07-22 13:37:54,602: update_indicator_icon() 'Creating indicator'
WARNING: 2025-07-22 13:37:54,611: create_menu() 'Variety Slideshow is not installed. This is an optional extension adding pan-and-zoom slideshows to Variety: see https://github.com/peterlevi/variety-slideshow for details'
INFO: 2025-07-22 13:37:54,612: create_indicator() 'indicator backend: AppIndicator3'
INFO: 2025-07-22 13:37:54,637: set_from_theme_icon() 'Showing indicator icon variety-indicator-dark from GTK theme'
INFO: 2025-07-22 13:37:54,687: prepare_thread() 'After search prepared buffer contains 93 images'
INFO: 2025-07-22 13:37:54,698: do_set_wp() 'Calling do_set_wp with /home/ilan/.config/variety/Downloaded/wallhaven_wallhaven_cc_tag_328/wallhaven-vpm863.jpg, time: 1753180674.69807'
INFO: 2025-07-22 13:37:54,699: apply_auto_rotate() 'ImageMagick auto-rotate cmd: convert /home/ilan/.config/variety/Downloaded/wallhaven_wallhaven_cc_tag_328/wallhaven-vpm863.jpg -auto-orient /home/ilan/.config/variety/wallpaper/wallpaper-auto-rotated-1458707da4dc07b3e2f3e403efac4df7.jpg'
INFO: 2025-07-22 13:37:54,886: update_indicator() 'Setting file info to: /home/ilan/.config/variety/Downloaded/wallhaven_wallhaven_cc_tag_328/wallhaven-vpm863.jpg'
INFO: 2025-07-22 13:37:54,888: list_files() 'More than 1 files in the folders, stop listing'
INFO: 2025-07-22 13:37:56,577: reload() 'Reloading preferences dialog'
INFO: 2025-07-22 13:37:56,688: trigger_download() 'Triggering download thread to check if download needed and possible'
INFO: 2025-07-22 13:37:57,492: set_wallpaper() 'Calling set_wallpaper with /home/ilan/.config/variety/Downloaded/wallhaven_wallhaven_cc_tag_328/wallhaven-l8llml.jpg'
INFO: 2025-07-22 13:37:57,492: prepare_thread() 'Prepared buffer contains 93 images'
INFO: 2025-07-22 13:37:57,492: do_set_wp() 'Calling do_set_wp with /home/ilan/.config/variety/Downloaded/wallhaven_wallhaven_cc_tag_328/wallhaven-l8llml.jpg, time: 1753180677.4929044'
INFO: 2025-07-22 13:37:57,968: apply_auto_rotate() 'ImageMagick auto-rotate cmd: convert /home/ilan/.config/variety/Downloaded/wallhaven_wallhaven_cc_tag_328/wallhaven-l8llml.jpg -auto-orient /home/ilan/.config/variety/wallpaper/wallpaper-auto-rotated-f654c98a7778f83c96e246792263d19b.jpg'
INFO: 2025-07-22 13:37:58,051: update_indicator() 'Setting file info to: /home/ilan/.config/variety/Downloaded/wallhaven_wallhaven_cc_tag_328/wallhaven-l8llml.jpg'
INFO: 2025-07-22 13:37:58,054: list_files() 'More than 1 files in the folders, stop listing'
INFO: 2025-07-22 13:37:59,492: trigger_download() 'Triggering download thread to check if download needed and possible'
INFO: 2025-07-22 13:37:59,492: trigger_download() 'Triggering download thread to check if download needed and possible'
INFO: 2025-07-22 13:37:59,493: get_throttling() 'Wallhaven.cc: parsing serverside options'
INFO: 2025-07-22 13:37:59,493: get_throttling() 'Could not parse Wallhaven.cc serverside options, using defaults 360, 40'
INFO: 2025-07-22 13:37:59,493: get_throttling() 'Wallhaven.cc: parsing serverside options'
INFO: 2025-07-22 13:37:59,493: get_throttling() 'Could not parse Wallhaven.cc serverside options, using defaults 360, 40'
INFO: 2025-07-22 13:37:59,493: download_one() 'Wallhaven.cc: Downloading an image, config: https://wallhaven.cc/tag/328'
INFO: 2025-07-22 13:37:59,493: download_one() 'Wallhaven.cc: Queue size: 0'
INFO: 2025-07-22 13:37:59,493: get_throttling() 'Wallhaven.cc: parsing serverside options'
INFO: 2025-07-22 13:37:59,493: get_throttling() 'Could not parse Wallhaven.cc serverside options, using defaults 360, 40'
INFO: 2025-07-22 13:37:59,493: download_one() 'Wallhaven.cc: Filling queue'
INFO: 2025-07-22 13:37:59,493: search() 'Performing wallhaven search: url=https://wallhaven.cc/api/v1/search?q=id:328'
INFO: 2025-07-22 13:37:59,599: set_wallpaper() 'Calling set_wallpaper with /home/ilan/.config/variety/Downloaded/wallhaven_wallhaven_cc_tag_37/wallhaven-2yrv6y.png'
INFO: 2025-07-22 13:37:59,599: prepare_thread() 'Prepared buffer contains 92 images'
INFO: 2025-07-22 13:37:59,599: do_set_wp() 'Calling do_set_wp with /home/ilan/.config/variety/Downloaded/wallhaven_wallhaven_cc_tag_37/wallhaven-2yrv6y.png, time: 1753180679.599879'
INFO: 2025-07-22 13:38:00,290: fill_queue() '18996 wallpapers in result, using page 30'
INFO: 2025-07-22 13:38:00,290: search() 'Performing wallhaven search: url=https://wallhaven.cc/api/v1/search?q=id:328&page=30'
INFO: 2025-07-22 13:38:00,888: download_one() 'Wallhaven.cc: Queue populated with 12 URLs'
INFO: 2025-07-22 13:38:00,888: download_queue_item() 'Wallpaper URL: https://wallhaven.cc/w/zykd3o'
INFO: 2025-07-22 13:38:00,888: download_queue_item() 'Image src URL: https://w.wallhaven.cc/full/zy/wallhaven-zykd3o.png'
INFO: 2025-07-22 13:38:00,971: apply_auto_rotate() 'ImageMagick auto-rotate cmd: convert /home/ilan/.config/variety/Downloaded/wallhaven_wallhaven_cc_tag_37/wallhaven-2yrv6y.png -auto-orient /home/ilan/.config/variety/wallpaper/wallpaper-auto-rotated-460511291ff10e101051e1cb098dabfd.jpg'
INFO: 2025-07-22 13:38:01,120: update_indicator() 'Setting file info to: /home/ilan/.config/variety/Downloaded/wallhaven_wallhaven_cc_tag_37/wallhaven-2yrv6y.png'
INFO: 2025-07-22 13:38:01,123: list_files() 'More than 1 files in the folders, stop listing'
INFO: 2025-07-22 13:38:01,421: save_locally() 'Origin URL: https://wallhaven.cc/w/zykd3o'
INFO: 2025-07-22 13:38:01,421: save_locally() 'Image URL: https://w.wallhaven.cc/full/zy/wallhaven-zykd3o.png'
INFO: 2025-07-22 13:38:01,421: save_locally() 'Local path: /home/ilan/.config/variety/Downloaded/wallhaven_wallhaven_cc_tag_328/wallhaven-zykd3o.png'
INFO: 2025-07-22 13:38:01,599: trigger_download() 'Triggering download thread to check if download needed and possible'
INFO: 2025-07-22 13:38:02,670: save_locally() 'Download complete'
INFO: 2025-07-22 13:38:02,670: update_indicator() 'Setting file info to: /home/ilan/.config/variety/Downloaded/wallhaven_wallhaven_cc_tag_328/wallhaven-l8llml.jpg'
INFO: 2025-07-22 13:38:02,673: list_files() 'More than 1 files in the folders, stop listing'
INFO: 2025-07-22 13:38:02,674: download_one_from() 'Adding downloaded file /home/ilan/.config/variety/Downloaded/wallhaven_wallhaven_cc_tag_328/wallhaven-zykd3o.png to unseen_downloads'
INFO: 2025-07-22 13:38:14,600: server_options_thread() 'Fetching server options from https://gist.githubusercontent.com/peterlevi/a7d1dbf3a4e76e15760a/raw/fab10d0ce5cfe66377e7c650be56edb497aabbd4/variety_server_options.json'
INFO: 2025-07-22 13:38:15,003: server_options_thread() 'Fetched server options: {'flickr': {'min_fill_queue_interval': 1200, 'min_download_interval': 1200}, 'wallbase': {'min_fill_queue_interval': 1800, 'min_download_interval': 1800}, 'wallhaven': {'min_fill_queue_interval': 1800, 'min_download_interval': 1800}, 'wallpapers.net': {'min_fill_queue_interval': 601, 'min_download_interval': 0}, 'unsplash': {'min_fill_queue_interval': 20000000000, 'min_download_interval': 20000000000}, 'unsplash_v2': {'min_fill_queue_interval': 3600, 'min_download_interval': 1800}, 'status_message': {'0.0.1': '', '*': ''}}'
INFO: 2025-07-22 14:38:04,141: regular_change_thread() 'regular_change changes wallpaper'
INFO: 2025-07-22 14:38:04,141: set_wallpaper() 'Calling set_wallpaper with /home/ilan/.config/variety/Downloaded/wallhaven_wallhaven_cc_tag_37/wallhaven-lyqrgp.jpg'
INFO: 2025-07-22 14:38:04,142: prepare_thread() 'Prepared buffer contains 92 images'
INFO: 2025-07-22 14:38:04,143: do_set_wp() 'Calling do_set_wp with /home/ilan/.config/variety/Downloaded/wallhaven_wallhaven_cc_tag_37/wallhaven-lyqrgp.jpg, time: 1753184284.143904'
INFO: 2025-07-22 14:38:04,144: apply_auto_rotate() 'ImageMagick auto-rotate cmd: convert /home/ilan/.config/variety/Downloaded/wallhaven_wallhaven_cc_tag_37/wallhaven-lyqrgp.jpg -auto-orient /home/ilan/.config/variety/wallpaper/wallpaper-auto-rotated-d588093c3f2504f3867d4b18623ea9bf.jpg'
INFO: 2025-07-22 14:38:04,882: update_indicator() 'Setting file info to: /home/ilan/.config/variety/Downloaded/wallhaven_wallhaven_cc_tag_37/wallhaven-lyqrgp.jpg'
INFO: 2025-07-22 14:38:04,886: list_files() 'More than 1 files in the folders, stop listing'
INFO: 2025-07-22 14:38:06,142: trigger_download() 'Triggering download thread to check if download needed and possible'
INFO: 2025-07-22 14:38:06,143: get_throttling() 'Wallhaven.cc: parsing serverside options'
INFO: 2025-07-22 14:38:06,143: get_throttling() 'Wallhaven.cc serverside options: {'min_fill_queue_interval': 1800, 'min_download_interval': 1800}'
INFO: 2025-07-22 14:38:06,143: get_throttling() 'Wallhaven.cc: parsing serverside options'
INFO: 2025-07-22 14:38:06,143: get_throttling() 'Wallhaven.cc serverside options: {'min_fill_queue_interval': 1800, 'min_download_interval': 1800}'
INFO: 2025-07-22 14:38:06,143: download_one() 'Wallhaven.cc: Downloading an image, config: https://wallhaven.cc/tag/37'
INFO: 2025-07-22 14:38:06,143: download_one() 'Wallhaven.cc: Queue size: 0'
INFO: 2025-07-22 14:38:06,143: get_throttling() 'Wallhaven.cc: parsing serverside options'
INFO: 2025-07-22 14:38:06,143: get_throttling() 'Wallhaven.cc serverside options: {'min_fill_queue_interval': 1800, 'min_download_interval': 1800}'
INFO: 2025-07-22 14:38:06,143: trigger_download() 'Triggering download thread to check if download needed and possible'
INFO: 2025-07-22 14:38:06,143: download_one() 'Wallhaven.cc: Filling queue'
INFO: 2025-07-22 14:38:06,143: search() 'Performing wallhaven search: url=https://wallhaven.cc/api/v1/search?q=id:37'
INFO: 2025-07-22 14:38:06,977: fill_queue() '50394 wallpapers in result, using page 26'
INFO: 2025-07-22 14:38:06,977: search() 'Performing wallhaven search: url=https://wallhaven.cc/api/v1/search?q=id:37&page=26'
INFO: 2025-07-22 14:38:07,607: download_one() 'Wallhaven.cc: Queue populated with 12 URLs'
INFO: 2025-07-22 14:38:07,607: download_queue_item() 'Wallpaper URL: https://wallhaven.cc/w/3qowx3'
INFO: 2025-07-22 14:38:07,607: download_queue_item() 'Image src URL: https://w.wallhaven.cc/full/3q/wallhaven-3qowx3.png'
INFO: 2025-07-22 14:38:07,944: save_locally() 'Origin URL: https://wallhaven.cc/w/3qowx3'
INFO: 2025-07-22 14:38:07,944: save_locally() 'Image URL: https://w.wallhaven.cc/full/3q/wallhaven-3qowx3.png'
INFO: 2025-07-22 14:38:07,944: save_locally() 'Local path: /home/ilan/.config/variety/Downloaded/wallhaven_wallhaven_cc_tag_37/wallhaven-3qowx3.png'
INFO: 2025-07-22 14:38:09,467: save_locally() 'Download complete'
INFO: 2025-07-22 14:38:09,467: update_indicator() 'Setting file info to: /home/ilan/.config/variety/Downloaded/wallhaven_wallhaven_cc_tag_37/wallhaven-lyqrgp.jpg'
INFO: 2025-07-22 14:38:09,469: list_files() 'More than 1 files in the folders, stop listing'
INFO: 2025-07-22 14:38:09,470: download_one_from() 'Adding downloaded file /home/ilan/.config/variety/Downloaded/wallhaven_wallhaven_cc_tag_37/wallhaven-3qowx3.png to unseen_downloads'
INFO: 2025-07-22 15:38:07,952: regular_change_thread() 'regular_change changes wallpaper'
INFO: 2025-07-22 15:38:07,953: set_wallpaper() 'Calling set_wallpaper with /home/ilan/.config/variety/Downloaded/wallhaven_wallhaven_cc_tag_711/wallhaven-3qker6.jpg'
INFO: 2025-07-22 15:38:07,953: prepare_thread() 'Prepared buffer contains 92 images'
INFO: 2025-07-22 15:38:07,955: do_set_wp() 'Calling do_set_wp with /home/ilan/.config/variety/Downloaded/wallhaven_wallhaven_cc_tag_711/wallhaven-3qker6.jpg, time: 1753187887.955534'
INFO: 2025-07-22 15:38:07,956: apply_auto_rotate() 'ImageMagick auto-rotate cmd: convert /home/ilan/.config/variety/Downloaded/wallhaven_wallhaven_cc_tag_711/wallhaven-3qker6.jpg -auto-orient /home/ilan/.config/variety/wallpaper/wallpaper-auto-rotated-0b2db5c5f24a4cceca51a102de3b1d72.jpg'
INFO: 2025-07-22 15:38:08,734: update_indicator() 'Setting file info to: /home/ilan/.config/variety/Downloaded/wallhaven_wallhaven_cc_tag_711/wallhaven-3qker6.jpg'
INFO: 2025-07-22 15:38:08,735: list_files() 'More than 1 files in the folders, stop listing'
INFO: 2025-07-22 15:38:09,954: trigger_download() 'Triggering download thread to check if download needed and possible'
INFO: 2025-07-22 15:38:09,954: get_throttling() 'Wallhaven.cc: parsing serverside options'
INFO: 2025-07-22 15:38:09,954: get_throttling() 'Wallhaven.cc serverside options: {'min_fill_queue_interval': 1800, 'min_download_interval': 1800}'
INFO: 2025-07-22 15:38:09,954: get_throttling() 'Wallhaven.cc: parsing serverside options'
INFO: 2025-07-22 15:38:09,954: get_throttling() 'Wallhaven.cc serverside options: {'min_fill_queue_interval': 1800, 'min_download_interval': 1800}'
INFO: 2025-07-22 15:38:09,954: download_one() 'Wallhaven.cc: Downloading an image, config: https://wallhaven.cc/tag/711'
INFO: 2025-07-22 15:38:09,954: download_one() 'Wallhaven.cc: Queue size: 0'
INFO: 2025-07-22 15:38:09,955: get_throttling() 'Wallhaven.cc: parsing serverside options'
INFO: 2025-07-22 15:38:09,955: get_throttling() 'Wallhaven.cc serverside options: {'min_fill_queue_interval': 1800, 'min_download_interval': 1800}'
INFO: 2025-07-22 15:38:09,955: download_one() 'Wallhaven.cc: Filling queue'
INFO: 2025-07-22 15:38:09,955: search() 'Performing wallhaven search: url=https://wallhaven.cc/api/v1/search?q=id:711'
INFO: 2025-07-22 15:38:09,959: trigger_download() 'Triggering download thread to check if download needed and possible'
INFO: 2025-07-22 15:38:10,889: fill_queue() '37857 wallpapers in result, using page 25'
INFO: 2025-07-22 15:38:10,889: search() 'Performing wallhaven search: url=https://wallhaven.cc/api/v1/search?q=id:711&page=25'
INFO: 2025-07-22 15:38:11,348: download_one() 'Wallhaven.cc: Queue populated with 12 URLs'
INFO: 2025-07-22 15:38:11,348: download_queue_item() 'Wallpaper URL: https://wallhaven.cc/w/6d97m6'
INFO: 2025-07-22 15:38:11,348: download_queue_item() 'Image src URL: https://w.wallhaven.cc/full/6d/wallhaven-6d97m6.png'
INFO: 2025-07-22 15:38:11,718: save_locally() 'Origin URL: https://wallhaven.cc/w/6d97m6'
INFO: 2025-07-22 15:38:11,718: save_locally() 'Image URL: https://w.wallhaven.cc/full/6d/wallhaven-6d97m6.png'
INFO: 2025-07-22 15:38:11,718: save_locally() 'Local path: /home/ilan/.config/variety/Downloaded/wallhaven_wallhaven_cc_tag_711/wallhaven-6d97m6.png'
INFO: 2025-07-22 15:38:12,873: save_locally() 'Download complete'
INFO: 2025-07-22 15:38:12,873: update_indicator() 'Setting file info to: /home/ilan/.config/variety/Downloaded/wallhaven_wallhaven_cc_tag_711/wallhaven-3qker6.jpg'
INFO: 2025-07-22 15:38:12,874: list_files() 'More than 1 files in the folders, stop listing'
INFO: 2025-07-22 15:38:12,874: download_one_from() 'Adding downloaded file /home/ilan/.config/variety/Downloaded/wallhaven_wallhaven_cc_tag_711/wallhaven-6d97m6.png to unseen_downloads'
INFO: 2025-07-22 16:38:11,755: regular_change_thread() 'regular_change changes wallpaper'
INFO: 2025-07-22 16:38:11,755: set_wallpaper() 'Calling set_wallpaper with /home/ilan/.config/variety/Downloaded/wallhaven_wallhaven_cc_tag_711/wallhaven-gpo753.jpg'
INFO: 2025-07-22 16:38:11,756: prepare_thread() 'Prepared buffer contains 92 images'
INFO: 2025-07-22 16:38:11,766: do_set_wp() 'Calling do_set_wp with /home/ilan/.config/variety/Downloaded/wallhaven_wallhaven_cc_tag_711/wallhaven-gpo753.jpg, time: 1753191491.766304'
INFO: 2025-07-22 16:38:11,767: apply_auto_rotate() 'ImageMagick auto-rotate cmd: convert /home/ilan/.config/variety/Downloaded/wallhaven_wallhaven_cc_tag_711/wallhaven-gpo753.jpg -auto-orient /home/ilan/.config/variety/wallpaper/wallpaper-auto-rotated-030e66c835fa5eccbe1c38cd18ab4ccc.jpg'
INFO: 2025-07-22 16:38:11,890: update_indicator() 'Setting file info to: /home/ilan/.config/variety/Downloaded/wallhaven_wallhaven_cc_tag_711/wallhaven-gpo753.jpg'
INFO: 2025-07-22 16:38:11,891: list_files() 'More than 1 files in the folders, stop listing'
INFO: 2025-07-22 16:38:13,765: trigger_download() 'Triggering download thread to check if download needed and possible'
INFO: 2025-07-22 16:38:13,765: get_throttling() 'Wallhaven.cc: parsing serverside options'
INFO: 2025-07-22 16:38:13,765: get_throttling() 'Wallhaven.cc serverside options: {'min_fill_queue_interval': 1800, 'min_download_interval': 1800}'
INFO: 2025-07-22 16:38:13,765: get_throttling() 'Wallhaven.cc: parsing serverside options'
INFO: 2025-07-22 16:38:13,765: get_throttling() 'Wallhaven.cc serverside options: {'min_fill_queue_interval': 1800, 'min_download_interval': 1800}'
INFO: 2025-07-22 16:38:13,765: download_one() 'Wallhaven.cc: Downloading an image, config: https://wallhaven.cc/tag/711'
INFO: 2025-07-22 16:38:13,765: download_one() 'Wallhaven.cc: Queue size: 11'
INFO: 2025-07-22 16:38:13,765: download_one() 'Wallhaven.cc: Queue populated with 11 URLs'
INFO: 2025-07-22 16:38:13,765: download_queue_item() 'Wallpaper URL: https://wallhaven.cc/w/l8er6q'
INFO: 2025-07-22 16:38:13,765: download_queue_item() 'Image src URL: https://w.wallhaven.cc/full/l8/wallhaven-l8er6q.png'
INFO: 2025-07-22 16:38:13,766: trigger_download() 'Triggering download thread to check if download needed and possible'
INFO: 2025-07-22 16:38:14,202: save_locally() 'Origin URL: https://wallhaven.cc/w/l8er6q'
INFO: 2025-07-22 16:38:14,202: save_locally() 'Image URL: https://w.wallhaven.cc/full/l8/wallhaven-l8er6q.png'
INFO: 2025-07-22 16:38:14,202: save_locally() 'Local path: /home/ilan/.config/variety/Downloaded/wallhaven_wallhaven_cc_tag_711/wallhaven-l8er6q.png'
INFO: 2025-07-22 16:38:15,813: save_locally() 'Download complete'
INFO: 2025-07-22 16:38:15,814: update_indicator() 'Setting file info to: /home/ilan/.config/variety/Downloaded/wallhaven_wallhaven_cc_tag_711/wallhaven-gpo753.jpg'
INFO: 2025-07-22 16:38:15,814: list_files() 'More than 1 files in the folders, stop listing'
INFO: 2025-07-22 16:38:15,815: download_one_from() 'Adding downloaded file /home/ilan/.config/variety/Downloaded/wallhaven_wallhaven_cc_tag_711/wallhaven-l8er6q.png to unseen_downloads'
